;/////////////////////////////////////////////////////////////////////////////////
;// Code Generator: BoostC Compiler - http://www.sourceboost.com
;// Version       : 8.01
;// License Type  : Pro License
;// Limitations   : PIC12,PIC16 max code size:Unlimited, max RAM banks:Unlimited
;/////////////////////////////////////////////////////////////////////////////////

	ORG 0x00000000
0000  2AE6  	GOTO	_startup
	ORG 0x00000004
0004  00FF  	MOVWF Int1Context
0005  0E03  	SWAPF STATUS, W
0006  1283  	BCF STATUS, RP0
0007  1303  	BCF STATUS, RP1
0008  00A0  	MOVWF Int1BContext
0009  0E0A  	SWAPF PCLATH, W
000A  00A1  	MOVWF Int1BContext+D'1'
000B  0E04  	SWAPF FSR, W
000C  00A2  	MOVWF Int1BContext+D'2'
000D  118A  	BCF PCLATH,3
000E  120A  	BCF PCLATH,4
000F  2AF1  	GOTO	interrupt
	ORG 0x00000010
0010        delay_ms_00000
0010        ; { delay_ms ; function begin
0010  08AA  	MOVF delay_ms_00000_arg_del, F
0011  1D03  	BTFSS STATUS,Z
0012  2814  	GOTO	label1
0013  0008  	RETURN
0014        label1
0014  30F9  	MOVLW 0xF9
0015        label2
0015  0000  	NOP
0016  0000  	NOP
0017  3EFF  	ADDLW 0xFF
0018  1D03  	BTFSS STATUS,Z
0019  2815  	GOTO	label2
001A  0000  	NOP
001B  0000  	NOP
001C  0000  	NOP
001D  0BAA  	DECFSZ delay_ms_00000_arg_del, F
001E  2814  	GOTO	label1
001F  0008  	RETURN
0020        ; } delay_ms function end

	ORG 0x00000020
0020        delay_10us_00000
0020        ; { delay_10us ; function begin
0020  08AA  	MOVF delay_10us_00000_arg_del, F
0021  1D03  	BTFSS STATUS,Z
0022  2824  	GOTO	label3
0023  0008  	RETURN
0024        label3
0024  3002  	MOVLW 0x02
0025        label4
0025  0000  	NOP
0026  3EFF  	ADDLW 0xFF
0027  1D03  	BTFSS STATUS,Z
0028  2825  	GOTO	label4
0029  0000  	NOP
002A  0000  	NOP
002B  0BAA  	DECFSZ delay_10us_00000_arg_del, F
002C  2824  	GOTO	label3
002D  0008  	RETURN
002E        ; } delay_10us function end

	ORG 0x0000002E
002E        i2cBufferW_00016
002E        ; { i2cBufferWrite ; function begin
002E  0875  	MOVF gbl_i2cBuffer+D'101', W
002F  3A64  	XORLW 0x64
0030  1D03  	BTFSS STATUS,Z
0031  2834  	GOTO	label5
0032  01C9  	CLRF i2cBufferW_00016_1_iNextHead
0033  2836  	GOTO	label6
0034        label5
0034  0A75  	INCF gbl_i2cBuffer+D'101', W
0035  00C9  	MOVWF i2cBufferW_00016_1_iNextHead
0036        label6
0036  0876  	MOVF gbl_i2cBuffer+D'102', W
0037  0649  	XORWF i2cBufferW_00016_1_iNextHead, W
0038  1D03  	BTFSS STATUS,Z
0039  283D  	GOTO	label7
003A  3002  	MOVLW 0x02
003B  00CA  	MOVWF CompTempVarRet555
003C  0008  	RETURN
003D        label7
003D  1783  	BSF	STATUS,IRP
003E  3010  	MOVLW LOW(gbl_i2cBuffer+D'0')
003F  0084  	MOVWF FSR
0040  0875  	MOVF gbl_i2cBuffer+D'101', W
0041  0784  	ADDWF FSR, F
0042  0848  	MOVF i2cBufferW_00016_arg_byteIn, W
0043  0080  	MOVWF INDF
0044  0849  	MOVF i2cBufferW_00016_1_iNextHead, W
0045  00F5  	MOVWF gbl_i2cBuffer+D'101'
0046  01CA  	CLRF CompTempVarRet555
0047  0008  	RETURN
0048        ; } i2cBufferWrite function end

	ORG 0x00000048
0048        LCD_Read_00000
0048        ; { LCD_Read ; function begin
0048  30F0  	MOVLW 0xF0
0049  1683  	BSF STATUS, RP0
004A  1303  	BCF STATUS, RP1
004B  0488  	IORWF LCD_Read_00000_1_tris, F
004C  1283  	BCF STATUS, RP0
004D  1487  	BSF LCD_Read_00000_1_rw,1
004E  0000  	NOP
004F  0000  	NOP
0050  1407  	BSF LCD_Read_00000_1_e,0
0051  0000  	NOP
0052  0000  	NOP
0053  0000  	NOP
0054  0000  	NOP
0055  0000  	NOP
0056  30F0  	MOVLW 0xF0
0057  0508  	ANDWF LCD_Read_00000_1_data, W
0058  00C1  	MOVWF LCD_Read_00000_1_d
0059  1007  	BCF LCD_Read_00000_1_e,0
005A  0000  	NOP
005B  0000  	NOP
005C  0000  	NOP
005D  0000  	NOP
005E  0000  	NOP
005F  1407  	BSF LCD_Read_00000_1_e,0
0060  0000  	NOP
0061  0000  	NOP
0062  0000  	NOP
0063  0000  	NOP
0064  0000  	NOP
0065  0E08  	SWAPF LCD_Read_00000_1_data, W
0066  390F  	ANDLW 0x0F
0067  04C1  	IORWF LCD_Read_00000_1_d, F
0068  1007  	BCF LCD_Read_00000_1_e,0
0069  0000  	NOP
006A  0000  	NOP
006B  0000  	NOP
006C  0841  	MOVF LCD_Read_00000_1_d, W
006D  00C2  	MOVWF CompTempVarRet558
006E  0008  	RETURN
006F        ; } LCD_Read function end

	ORG 0x0000006F
006F        LCD_RawWri_00018
006F        ; { LCD_RawWrite ; function begin
006F  1041  	BCF LCD_RawWri_00018_2_flag,0
0070        label8
0070  0840  	MOVF LCD_RawWri_00018_arg_d, W
0071  00C2  	MOVWF LCD_RawWri_00018_5_d
0072  1087  	BCF LCD_RawWri_00018_7_rw,1
0073  0000  	NOP
0074  0000  	NOP
0075  300F  	MOVLW 0x0F
0076  1683  	BSF STATUS, RP0
0077  0588  	ANDWF LCD_RawWri_00018_7_tris, F
0078  300F  	MOVLW 0x0F
0079  1283  	BCF STATUS, RP0
007A  0588  	ANDWF LCD_RawWri_00018_7_data, F
007B  30F0  	MOVLW 0xF0
007C  0542  	ANDWF LCD_RawWri_00018_5_d, W
007D  0488  	IORWF LCD_RawWri_00018_7_data, F
007E  1407  	BSF LCD_RawWri_00018_7_e,0
007F  0000  	NOP
0080  0000  	NOP
0081  0000  	NOP
0082  0000  	NOP
0083  0000  	NOP
0084  1007  	BCF LCD_RawWri_00018_7_e,0
0085  0000  	NOP
0086  0000  	NOP
0087  0000  	NOP
0088  01C2  	CLRF CompTempVar559
0089  1C41  	BTFSS LCD_RawWri_00018_2_flag,0
008A  0AC2  	INCF CompTempVar559, F
008B  1041  	BCF LCD_RawWri_00018_2_flag,0
008C  1842  	BTFSC CompTempVar559,0
008D  1441  	BSF LCD_RawWri_00018_2_flag,0
008E  0EC0  	SWAPF LCD_RawWri_00018_arg_d, F
008F  30F0  	MOVLW 0xF0
0090  05C0  	ANDWF LCD_RawWri_00018_arg_d, F
0091  1841  	BTFSC LCD_RawWri_00018_2_flag,0
0092  2870  	GOTO	label8
0093  0008  	RETURN
0094        ; } LCD_RawWrite function end

	ORG 0x00000094
0094        LCD_Write_00000
0094        ; { LCD_Write ; function begin
0094  08A3  	MOVF gbl_writeDelayType, F
0095  1D03  	BTFSS STATUS,Z
0096  28A3  	GOTO	label11
0097  1040  	BCF LCD_Write_00000_5_old_RS,0
0098  1D07  	BTFSS LCD_Write_00000_5_rs,2
0099  289B  	GOTO	label9
009A  1440  	BSF LCD_Write_00000_5_old_RS,0
009B        label9
009B  1107  	BCF LCD_Write_00000_5_rs,2
009C        label10
009C  2048  	CALL LCD_Read_00000
009D  1BC2  	BTFSC CompTempVarRet558,7
009E  289C  	GOTO	label10
009F  1840  	BTFSC LCD_Write_00000_5_old_RS,0
00A0  1507  	BSF LCD_Write_00000_5_rs,2
00A1  1C40  	BTFSS LCD_Write_00000_5_old_RS,0
00A2  1107  	BCF LCD_Write_00000_5_rs,2
00A3        label11
00A3  083F  	MOVF LCD_Write_00000_arg_d, W
00A4  00C0  	MOVWF LCD_RawWri_00018_arg_d
00A5  206F  	CALL LCD_RawWri_00018
00A6  0008  	RETURN
00A7        ; } LCD_Write function end

	ORG 0x000000A7
00A7        LCD_RawWri_00017
00A7        ; { LCD_RawWriteNibble ; function begin
00A7  1087  	BCF LCD_RawWri_00017_1_rw,1
00A8  0000  	NOP
00A9  0000  	NOP
00AA  300F  	MOVLW 0x0F
00AB  1683  	BSF STATUS, RP0
00AC  0588  	ANDWF LCD_RawWri_00017_1_tris, F
00AD  300F  	MOVLW 0x0F
00AE  1283  	BCF STATUS, RP0
00AF  0588  	ANDWF LCD_RawWri_00017_1_data, F
00B0  30F0  	MOVLW 0xF0
00B1  052A  	ANDWF LCD_RawWri_00017_arg_d, W
00B2  0488  	IORWF LCD_RawWri_00017_1_data, F
00B3  1407  	BSF LCD_RawWri_00017_1_e,0
00B4  0000  	NOP
00B5  0000  	NOP
00B6  0000  	NOP
00B7  0000  	NOP
00B8  0000  	NOP
00B9  1007  	BCF LCD_RawWri_00017_1_e,0
00BA  0000  	NOP
00BB  0000  	NOP
00BC  0000  	NOP
00BD  0008  	RETURN
00BE        ; } LCD_RawWriteNibble function end

	ORG 0x000000BE
00BE        LCD_Printf_00000
00BE        ; { LCD_Printf ; function begin
00BE  01BD  	CLRF LCD_Printf_00000_1_pi
00BF  1507  	BSF LCD_Printf_00000_4_rs,2
00C0        label12
00C0  1383  	BCF STATUS,IRP
00C1  182B  	BTFSC LCD_Printf_00000_arg_lcdptr+D'1',0
00C2  1783  	BSF STATUS,IRP
00C3  082A  	MOVF LCD_Printf_00000_arg_lcdptr, W
00C4  0084  	MOVWF FSR
00C5  1383  	BCF STATUS,IRP
00C6  182B  	BTFSC LCD_Printf_00000_arg_lcdptr+D'1',0
00C7  1783  	BSF STATUS,IRP
00C8  082A  	MOVF LCD_Printf_00000_arg_lcdptr, W
00C9  0084  	MOVWF FSR
00CA  083D  	MOVF LCD_Printf_00000_1_pi, W
00CB  00BF  	MOVWF CompTempVar574
00CC  0ABD  	INCF LCD_Printf_00000_1_pi, F
00CD  083F  	MOVF CompTempVar574, W
00CE  0784  	ADDWF FSR, F
00CF  0800  	MOVF INDF, W
00D0  00BE  	MOVWF LCD_Printf_00000_1_c
00D1  08BE  	MOVF LCD_Printf_00000_1_c, F
00D2  1903  	BTFSC STATUS,Z
00D3  0008  	RETURN
00D4  083E  	MOVF LCD_Printf_00000_1_c, W
00D5  3A0A  	XORLW 0x0A
00D6  1D03  	BTFSS STATUS,Z
00D7  28DE  	GOTO	label13
00D8  1107  	BCF LCD_Printf_00000_10_rs,2
00D9  30C0  	MOVLW 0xC0
00DA  00BF  	MOVWF LCD_Write_00000_arg_d
00DB  2094  	CALL LCD_Write_00000
00DC  1507  	BSF LCD_Printf_00000_16_rs,2
00DD  28C0  	GOTO	label12
00DE        label13
00DE  083E  	MOVF LCD_Printf_00000_1_c, W
00DF  00BF  	MOVWF LCD_Write_00000_arg_d
00E0  2094  	CALL LCD_Write_00000
00E1  28C0  	GOTO	label12
00E2        ; } LCD_Printf function end

	ORG 0x000000E2
00E2        LCD_GotoXy_00000
00E2        ; { LCD_GotoXy ; function begin
00E2  1107  	BCF LCD_GotoXy_00000_4_rs,2
00E3  082A  	MOVF LCD_GotoXy_00000_arg_x, W
00E4  00AC  	MOVWF LCD_GotoXy_00000_1_offset
00E5  1C2B  	BTFSS LCD_GotoXy_00000_arg_y,0
00E6  28E9  	GOTO	label14
00E7  3040  	MOVLW 0x40
00E8  07AC  	ADDWF LCD_GotoXy_00000_1_offset, F
00E9        label14
00E9  1CAB  	BTFSS LCD_GotoXy_00000_arg_y,1
00EA  28ED  	GOTO	label15
00EB  3014  	MOVLW 0x14
00EC  07AC  	ADDWF LCD_GotoXy_00000_1_offset, F
00ED        label15
00ED  082C  	MOVF LCD_GotoXy_00000_1_offset, W
00EE  3E80  	ADDLW 0x80
00EF  00BF  	MOVWF LCD_Write_00000_arg_d
00F0  2094  	CALL LCD_Write_00000
00F1  0008  	RETURN
00F2        ; } LCD_GotoXy function end

	ORG 0x000000F2
00F2        LCD_Clear_00000
00F2        ; { LCD_Clear ; function begin
00F2  1283  	BCF STATUS, RP0
00F3  1303  	BCF STATUS, RP1
00F4  1107  	BCF LCD_Clear_00000_4_rs,2
00F5  3001  	MOVLW 0x01
00F6  00BF  	MOVWF LCD_Write_00000_arg_d
00F7  2094  	CALL LCD_Write_00000
00F8  3002  	MOVLW 0x02
00F9  00BF  	MOVWF LCD_Write_00000_arg_d
00FA  2094  	CALL LCD_Write_00000
00FB  0008  	RETURN
00FC        ; } LCD_Clear function end

	ORG 0x000000FC
00FC        showSource_00000
00FC        ; { showSource ; function begin
00FC  20F2  	CALL LCD_Clear_00000
00FD  1C05  	BTFSS gbl_porta,0
00FE  290F  	GOTO	label16
00FF  01AA  	CLRF LCD_GotoXy_00000_arg_x
0100  01AB  	CLRF LCD_GotoXy_00000_arg_y
0101  20E2  	CALL LCD_GotoXy_00000
0102  3044  	MOVLW 0x44
0103  00AC  	MOVWF CompTempVar565
0104  3041  	MOVLW 0x41
0105  00AD  	MOVWF CompTempVar565+D'1'
0106  3042  	MOVLW 0x42
0107  00AE  	MOVWF CompTempVar565+D'2'
0108  01AF  	CLRF CompTempVar565+D'3'
0109  3000  	MOVLW HIGH(CompTempVar565+D'0')
010A  00AB  	MOVWF LCD_Printf_00000_arg_lcdptr+D'1'
010B  302C  	MOVLW LOW(CompTempVar565+D'0')
010C  00AA  	MOVWF LCD_Printf_00000_arg_lcdptr
010D  20BE  	CALL LCD_Printf_00000
010E  0008  	RETURN
010F        label16
010F  1C85  	BTFSS gbl_porta,1
0110  292B  	GOTO	label17
0111  01AA  	CLRF LCD_GotoXy_00000_arg_x
0112  01AB  	CLRF LCD_GotoXy_00000_arg_y
0113  20E2  	CALL LCD_GotoXy_00000
0114  3050  	MOVLW 0x50
0115  00AC  	MOVWF CompTempVar567
0116  3043  	MOVLW 0x43
0117  00AD  	MOVWF CompTempVar567+D'1'
0118  3020  	MOVLW 0x20
0119  00AE  	MOVWF CompTempVar567+D'2'
011A  3041  	MOVLW 0x41
011B  00AF  	MOVWF CompTempVar567+D'3'
011C  3075  	MOVLW 0x75
011D  00B0  	MOVWF CompTempVar567+D'4'
011E  3064  	MOVLW 0x64
011F  00B1  	MOVWF CompTempVar567+D'5'
0120  3069  	MOVLW 0x69
0121  00B2  	MOVWF CompTempVar567+D'6'
0122  306F  	MOVLW 0x6F
0123  00B3  	MOVWF CompTempVar567+D'7'
0124  01B4  	CLRF CompTempVar567+D'8'
0125  3000  	MOVLW HIGH(CompTempVar567+D'0')
0126  00AB  	MOVWF LCD_Printf_00000_arg_lcdptr+D'1'
0127  302C  	MOVLW LOW(CompTempVar567+D'0')
0128  00AA  	MOVWF LCD_Printf_00000_arg_lcdptr
0129  20BE  	CALL LCD_Printf_00000
012A  0008  	RETURN
012B        label17
012B  1D05  	BTFSS gbl_porta,2
012C  294B  	GOTO	label18
012D  01AA  	CLRF LCD_GotoXy_00000_arg_x
012E  01AB  	CLRF LCD_GotoXy_00000_arg_y
012F  20E2  	CALL LCD_GotoXy_00000
0130  3043  	MOVLW 0x43
0131  00AC  	MOVWF CompTempVar569
0132  3068  	MOVLW 0x68
0133  00AD  	MOVWF CompTempVar569+D'1'
0134  3072  	MOVLW 0x72
0135  00AE  	MOVWF CompTempVar569+D'2'
0136  306F  	MOVLW 0x6F
0137  00AF  	MOVWF CompTempVar569+D'3'
0138  306D  	MOVLW 0x6D
0139  00B0  	MOVWF CompTempVar569+D'4'
013A  3065  	MOVLW 0x65
013B  00B1  	MOVWF CompTempVar569+D'5'
013C  3063  	MOVLW 0x63
013D  00B2  	MOVWF CompTempVar569+D'6'
013E  3061  	MOVLW 0x61
013F  00B3  	MOVWF CompTempVar569+D'7'
0140  3073  	MOVLW 0x73
0141  00B4  	MOVWF CompTempVar569+D'8'
0142  3074  	MOVLW 0x74
0143  00B5  	MOVWF CompTempVar569+D'9'
0144  01B6  	CLRF CompTempVar569+D'10'
0145  3000  	MOVLW HIGH(CompTempVar569+D'0')
0146  00AB  	MOVWF LCD_Printf_00000_arg_lcdptr+D'1'
0147  302C  	MOVLW LOW(CompTempVar569+D'0')
0148  00AA  	MOVWF LCD_Printf_00000_arg_lcdptr
0149  20BE  	CALL LCD_Printf_00000
014A  0008  	RETURN
014B        label18
014B  01AA  	CLRF LCD_GotoXy_00000_arg_x
014C  01AB  	CLRF LCD_GotoXy_00000_arg_y
014D  20E2  	CALL LCD_GotoXy_00000
014E  3041  	MOVLW 0x41
014F  00AC  	MOVWF CompTempVar571
0150  3061  	MOVLW 0x61
0151  00B2  	MOVWF CompTempVar571+D'6'
0152  3069  	MOVLW 0x69
0153  00AF  	MOVWF CompTempVar571+D'3'
0154  00B1  	MOVWF CompTempVar571+D'5'
0155  306C  	MOVLW 0x6C
0156  00B0  	MOVWF CompTempVar571+D'4'
0157  3072  	MOVLW 0x72
0158  00B3  	MOVWF CompTempVar571+D'7'
0159  3075  	MOVLW 0x75
015A  00AD  	MOVWF CompTempVar571+D'1'
015B  3078  	MOVLW 0x78
015C  00AE  	MOVWF CompTempVar571+D'2'
015D  3079  	MOVLW 0x79
015E  00B4  	MOVWF CompTempVar571+D'8'
015F  01B5  	CLRF CompTempVar571+D'9'
0160  3000  	MOVLW HIGH(CompTempVar571+D'0')
0161  00AB  	MOVWF LCD_Printf_00000_arg_lcdptr+D'1'
0162  302C  	MOVLW LOW(CompTempVar571+D'0')
0163  00AA  	MOVWF LCD_Printf_00000_arg_lcdptr
0164  20BE  	CALL LCD_Printf_00000
0165  0008  	RETURN
0166        ; } showSource function end

	ORG 0x00000166
0166        i2cBufferR_00014
0166        ; { i2cBufferRead ; function begin
0166  0876  	MOVF gbl_i2cBuffer+D'102', W
0167  0675  	XORWF gbl_i2cBuffer+D'101', W
0168  1D03  	BTFSS STATUS,Z
0169  296D  	GOTO	label19
016A  3001  	MOVLW 0x01
016B  00AE  	MOVWF CompTempVarRet551
016C  0008  	RETURN
016D        label19
016D  1783  	BSF	STATUS,IRP
016E  3010  	MOVLW LOW(gbl_i2cBuffer+D'0')
016F  0084  	MOVWF FSR
0170  0876  	MOVF gbl_i2cBuffer+D'102', W
0171  00AF  	MOVWF CompTempVar552
0172  082F  	MOVF CompTempVar552, W
0173  0784  	ADDWF FSR, F
0174  0800  	MOVF INDF, W
0175  00B0  	MOVWF CompTempVar553
0176  1383  	BCF STATUS,IRP
0177  182D  	BTFSC i2cBufferR_00014_arg_byteOut+D'1',0
0178  1783  	BSF STATUS,IRP
0179  082C  	MOVF i2cBufferR_00014_arg_byteOut, W
017A  0084  	MOVWF FSR
017B  0830  	MOVF CompTempVar553, W
017C  0080  	MOVWF INDF
017D  0876  	MOVF gbl_i2cBuffer+D'102', W
017E  3A64  	XORLW 0x64
017F  1D03  	BTFSS STATUS,Z
0180  2983  	GOTO	label20
0181  01AF  	CLRF CompTempVar554
0182  2985  	GOTO	label21
0183        label20
0183  0A76  	INCF gbl_i2cBuffer+D'102', W
0184  00AF  	MOVWF CompTempVar554
0185        label21
0185  082F  	MOVF CompTempVar554, W
0186  00F6  	MOVWF gbl_i2cBuffer+D'102'
0187  01AE  	CLRF CompTempVarRet551
0188  0008  	RETURN
0189        ; } i2cBufferRead function end

	ORG 0x00000189
0189        LCD_Setup_00000
0189        ; { LCD_Setup ; function begin
0189  1683  	BSF STATUS, RP0
018A  1303  	BCF STATUS, RP1
018B  1107  	BCF LCD_Setup_00000_1_trisRS,2
018C  1087  	BCF LCD_Setup_00000_1_trisRW,1
018D  1007  	BCF LCD_Setup_00000_1_trisE,0
018E  3001  	MOVLW 0x01
018F  1283  	BCF STATUS, RP0
0190  00A3  	MOVWF gbl_writeDelayType
0191  3010  	MOVLW 0x10
0192  00AA  	MOVWF delay_ms_00000_arg_del
0193  2010  	CALL delay_ms_00000
0194  1107  	BCF LCD_Setup_00000_11_rs,2
0195  3030  	MOVLW 0x30
0196  00AA  	MOVWF LCD_RawWri_00017_arg_d
0197  20A7  	CALL LCD_RawWri_00017
0198  3005  	MOVLW 0x05
0199  00AA  	MOVWF delay_ms_00000_arg_del
019A  2010  	CALL delay_ms_00000
019B  3030  	MOVLW 0x30
019C  00AA  	MOVWF LCD_RawWri_00017_arg_d
019D  20A7  	CALL LCD_RawWri_00017
019E  3064  	MOVLW 0x64
019F  00AA  	MOVWF delay_10us_00000_arg_del
01A0  2020  	CALL delay_10us_00000
01A1  3030  	MOVLW 0x30
01A2  00AA  	MOVWF LCD_RawWri_00017_arg_d
01A3  20A7  	CALL LCD_RawWri_00017
01A4  102A  	BCF LCD_Setup_00000_30_old_RS,0
01A5  1907  	BTFSC LCD_Setup_00000_30_rs,2
01A6  142A  	BSF LCD_Setup_00000_30_old_RS,0
01A7  1107  	BCF LCD_Setup_00000_30_rs,2
01A8        label22
01A8  2048  	CALL LCD_Read_00000
01A9  1BC2  	BTFSC CompTempVarRet558,7
01AA  29A8  	GOTO	label22
01AB  182A  	BTFSC LCD_Setup_00000_30_old_RS,0
01AC  1507  	BSF LCD_Setup_00000_30_rs,2
01AD  1C2A  	BTFSS LCD_Setup_00000_30_old_RS,0
01AE  1107  	BCF LCD_Setup_00000_30_rs,2
01AF  3028  	MOVLW 0x28
01B0  00AA  	MOVWF LCD_RawWri_00017_arg_d
01B1  20A7  	CALL LCD_RawWri_00017
01B2  102A  	BCF LCD_Setup_00000_39_old_RS,0
01B3  1907  	BTFSC LCD_Setup_00000_39_rs,2
01B4  142A  	BSF LCD_Setup_00000_39_old_RS,0
01B5  1107  	BCF LCD_Setup_00000_39_rs,2
01B6        label23
01B6  2048  	CALL LCD_Read_00000
01B7  1BC2  	BTFSC CompTempVarRet558,7
01B8  29B6  	GOTO	label23
01B9  182A  	BTFSC LCD_Setup_00000_39_old_RS,0
01BA  1507  	BSF LCD_Setup_00000_39_rs,2
01BB  1C2A  	BTFSS LCD_Setup_00000_39_old_RS,0
01BC  1107  	BCF LCD_Setup_00000_39_rs,2
01BD  01A3  	CLRF gbl_writeDelayType
01BE  3028  	MOVLW 0x28
01BF  00BF  	MOVWF LCD_Write_00000_arg_d
01C0  2094  	CALL LCD_Write_00000
01C1  3006  	MOVLW 0x06
01C2  00BF  	MOVWF LCD_Write_00000_arg_d
01C3  2094  	CALL LCD_Write_00000
01C4  300C  	MOVLW 0x0C
01C5  00BF  	MOVWF LCD_Write_00000_arg_d
01C6  2094  	CALL LCD_Write_00000
01C7  3080  	MOVLW 0x80
01C8  00BF  	MOVWF LCD_Write_00000_arg_d
01C9  2094  	CALL LCD_Write_00000
01CA  0008  	RETURN
01CB        ; } LCD_Setup function end

	ORG 0x000001CB
01CB        LCD_Functi_00015
01CB        ; { LCD_Function ; function begin
01CB  1107  	BCF LCD_Functi_00015_4_rs,2
01CC  082C  	MOVF LCD_Functi_00015_arg_func, W
01CD  00BF  	MOVWF LCD_Write_00000_arg_d
01CE  2094  	CALL LCD_Write_00000
01CF  0008  	RETURN
01D0        ; } LCD_Function function end

	ORG 0x000001D0
01D0        onTimer1_00000
01D0        ; { onTimer1 ; function begin
01D0  1283  	BCF STATUS, RP0
01D1  1303  	BCF STATUS, RP1
01D2  1C06  	BTFSS gbl_portb,0
01D3  0008  	RETURN
01D4  1685  	BSF gbl_porta,5
01D5  1010  	BCF gbl_t1con,0
01D6  20FC  	CALL showSource_00000
01D7  0008  	RETURN
01D8        ; } onTimer1 function end

	ORG 0x000001D8
01D8        initialise_00000
01D8        ; { initialise ; function begin
01D8  3007  	MOVLW 0x07
01D9  1683  	BSF STATUS, RP0
01DA  1303  	BCF STATUS, RP1
01DB  0085  	MOVWF gbl_trisa
01DC  1283  	BCF STATUS, RP0
01DD  0185  	CLRF gbl_porta
01DE  3001  	MOVLW 0x01
01DF  1683  	BSF STATUS, RP0
01E0  0086  	MOVWF gbl_trisb
01E1  1283  	BCF STATUS, RP0
01E2  0186  	CLRF gbl_portb
01E3  30D8  	MOVLW 0xD8
01E4  1683  	BSF STATUS, RP0
01E5  0087  	MOVWF gbl_trisc
01E6  3018  	MOVLW 0x18
01E7  1283  	BCF STATUS, RP0
01E8  0087  	MOVWF gbl_portc
01E9  1683  	BSF STATUS, RP0
01EA  0188  	CLRF gbl_trisd
01EB  1283  	BCF STATUS, RP0
01EC  0188  	CLRF gbl_portd
01ED  1683  	BSF STATUS, RP0
01EE  0189  	CLRF gbl_trise
01EF  1283  	BCF STATUS, RP0
01F0  0189  	CLRF gbl_porte
01F1  019F  	CLRF gbl_adcon0
01F2  300F  	MOVLW 0x0F
01F3  1683  	BSF STATUS, RP0
01F4  009F  	MOVWF gbl_adcon1
01F5  3031  	MOVLW 0x31
01F6  1283  	BCF STATUS, RP0
01F7  0090  	MOVWF gbl_t1con
01F8  1690  	BSF gbl_t1con,5
01F9  1610  	BSF gbl_t1con,4
01FA  1190  	BCF gbl_t1con,3
01FB  1510  	BSF gbl_t1con,2
01FC  1090  	BCF gbl_t1con,1
01FD  1010  	BCF gbl_t1con,0
01FE  3048  	MOVLW 0x48
01FF  008F  	MOVWF gbl_tmr1h
0200  30E4  	MOVLW 0xE4
0201  008E  	MOVWF gbl_tmr1l
0202  1683  	BSF STATUS, RP0
0203  140C  	BSF gbl_pie1,0
0204  1283  	BCF STATUS, RP0
0205  1394  	BCF gbl_sspcon,7
0206  1314  	BCF gbl_sspcon,6
0207  1694  	BSF gbl_sspcon,5
0208  1614  	BSF gbl_sspcon,4
0209  1594  	BSF gbl_sspcon,3
020A  1514  	BSF gbl_sspcon,2
020B  1494  	BSF gbl_sspcon,1
020C  1014  	BCF gbl_sspcon,0
020D  0824  	MOVF gbl_I2C_slave_address, W
020E  00AA  	MOVWF CompTempVar557
020F  1003  	BCF STATUS,C
0210  0D2A  	RLF CompTempVar557, W
0211  1683  	BSF STATUS, RP0
0212  0093  	MOVWF gbl_sspadd
0213  0194  	CLRF gbl_sspstat
0214  3019  	MOVLW 0x19
0215  0099  	MOVWF gbl_spbrg
0216  3036  	MOVLW 0x36
0217  0098  	MOVWF gbl_txsta
0218  3090  	MOVLW 0x90
0219  1283  	BCF STATUS, RP0
021A  0098  	MOVWF gbl_rcsta
021B  01A5  	CLRF gbl_iRS232Index
021C  3064  	MOVLW 0x64
021D  00AA  	MOVWF delay_ms_00000_arg_del
021E  2010  	CALL delay_ms_00000
021F  160B  	BSF gbl_intcon,4
0220  1683  	BSF STATUS, RP0
0221  1301  	BCF gbl_option_reg,6
0222  108B  	BCF gbl_intcon,1
0223  1781  	BSF gbl_option_reg,7
0224  170B  	BSF gbl_intcon,6
0225  178B  	BSF gbl_intcon,7
0226  158C  	BSF gbl_pie1,3
0227  1283  	BCF STATUS, RP0
0228  01A6  	CLRF gbl_cTask
0229  01A7  	CLRF gbl_iSecQ
022A  2189  	CALL LCD_Setup_00000
022B  1614  	BSF gbl_sspcon,4
022C  0008  	RETURN
022D        ; } initialise function end

	ORG 0x0000022D
022D        i2cProcess_00000
022D        ; { i2cProcess ; function begin
022D  1283  	BCF STATUS, RP0
022E  1303  	BCF STATUS, RP1
022F  01AB  	CLRF i2cProcess_00000_1_iProcessing
0230        label24
0230  3000  	MOVLW HIGH(i2cProcess_00000_1_iReadData+D'0')
0231  00AD  	MOVWF i2cBufferR_00014_arg_byteOut+D'1'
0232  302A  	MOVLW LOW(i2cProcess_00000_1_iReadData+D'0')
0233  00AC  	MOVWF i2cBufferR_00014_arg_byteOut
0234  2166  	CALL i2cBufferR_00014
0235  08AE  	MOVF CompTempVarRet551, F
0236  1D03  	BTFSS STATUS,Z
0237  0008  	RETURN
0238  0A2A  	INCF i2cProcess_00000_1_iReadData, W
0239  1D03  	BTFSS STATUS,Z
023A  2A3D  	GOTO	label25
023B  01AB  	CLRF i2cProcess_00000_1_iProcessing
023C  2A30  	GOTO	label24
023D        label25
023D  08AB  	MOVF i2cProcess_00000_1_iProcessing, F
023E  1D03  	BTFSS STATUS,Z
023F  2A54  	GOTO	label28
0240  08AA  	MOVF i2cProcess_00000_1_iReadData, F
0241  1D03  	BTFSS STATUS,Z
0242  2A46  	GOTO	label26
0243  3001  	MOVLW 0x01
0244  00AB  	MOVWF i2cProcess_00000_1_iProcessing
0245  2A30  	GOTO	label24
0246        label26
0246  082A  	MOVF i2cProcess_00000_1_iReadData, W
0247  3AC0  	XORLW 0xC0
0248  1D03  	BTFSS STATUS,Z
0249  2A4D  	GOTO	label27
024A  3002  	MOVLW 0x02
024B  00AB  	MOVWF i2cProcess_00000_1_iProcessing
024C  2A30  	GOTO	label24
024D        label27
024D  082A  	MOVF i2cProcess_00000_1_iReadData, W
024E  3A40  	XORLW 0x40
024F  1D03  	BTFSS STATUS,Z
0250  2A30  	GOTO	label24
0251  3003  	MOVLW 0x03
0252  00AB  	MOVWF i2cProcess_00000_1_iProcessing
0253  2A30  	GOTO	label24
0254        label28
0254  032B  	DECF i2cProcess_00000_1_iProcessing, W
0255  1D03  	BTFSS STATUS,Z
0256  2A5F  	GOTO	label29
0257  082A  	MOVF i2cProcess_00000_1_iReadData, W
0258  3A38  	XORLW 0x38
0259  1903  	BTFSC STATUS,Z
025A  2A30  	GOTO	label24
025B  082A  	MOVF i2cProcess_00000_1_iReadData, W
025C  00AC  	MOVWF LCD_Functi_00015_arg_func
025D  21CB  	CALL LCD_Functi_00015
025E  2A30  	GOTO	label24
025F        label29
025F  082B  	MOVF i2cProcess_00000_1_iProcessing, W
0260  3C01  	SUBLW 0x01
0261  1803  	BTFSC STATUS,C
0262  2A30  	GOTO	label24
0263  082A  	MOVF i2cProcess_00000_1_iReadData, W
0264  3AC0  	XORLW 0xC0
0265  1903  	BTFSC STATUS,Z
0266  2A30  	GOTO	label24
0267  1507  	BSF i2cProcess_00000_19_rs,2
0268  082A  	MOVF i2cProcess_00000_1_iReadData, W
0269  00BF  	MOVWF LCD_Write_00000_arg_d
026A  2094  	CALL LCD_Write_00000
026B  2A30  	GOTO	label24
026C        ; } i2cProcess function end

	ORG 0x0000026C
026C        main
026C        ; { main ; function begin
026C  21D8  	CALL initialise_00000
026D  1410  	BSF gbl_t1con,0
026E  01AA  	CLRF LCD_GotoXy_00000_arg_x
026F  01AB  	CLRF LCD_GotoXy_00000_arg_y
0270  20E2  	CALL LCD_GotoXy_00000
0271  3048  	MOVLW 0x48
0272  00AC  	MOVWF CompTempVar575
0273  3065  	MOVLW 0x65
0274  00AD  	MOVWF CompTempVar575+D'1'
0275  306C  	MOVLW 0x6C
0276  00AE  	MOVWF CompTempVar575+D'2'
0277  00AF  	MOVWF CompTempVar575+D'3'
0278  306F  	MOVLW 0x6F
0279  00B0  	MOVWF CompTempVar575+D'4'
027A  3021  	MOVLW 0x21
027B  00B1  	MOVWF CompTempVar575+D'5'
027C  01B2  	CLRF CompTempVar575+D'6'
027D  3000  	MOVLW HIGH(CompTempVar575+D'0')
027E  00AB  	MOVWF LCD_Printf_00000_arg_lcdptr+D'1'
027F  302C  	MOVLW LOW(CompTempVar575+D'0')
0280  00AA  	MOVWF LCD_Printf_00000_arg_lcdptr
0281  20BE  	CALL LCD_Printf_00000
0282  01AA  	CLRF LCD_GotoXy_00000_arg_x
0283  3001  	MOVLW 0x01
0284  00AB  	MOVWF LCD_GotoXy_00000_arg_y
0285  20E2  	CALL LCD_GotoXy_00000
0286  3020  	MOVLW 0x20
0287  00B0  	MOVWF CompTempVar577+D'4'
0288  00B2  	MOVWF CompTempVar577+D'6'
0289  302E  	MOVLW 0x2E
028A  00B9  	MOVWF CompTempVar577+D'13'
028B  00BA  	MOVWF CompTempVar577+D'14'
028C  00BB  	MOVWF CompTempVar577+D'15'
028D  304A  	MOVLW 0x4A
028E  00AC  	MOVWF CompTempVar577
028F  3061  	MOVLW 0x61
0290  00B1  	MOVWF CompTempVar577+D'5'
0291  3065  	MOVLW 0x65
0292  00B6  	MOVWF CompTempVar577+D'10'
0293  306D  	MOVLW 0x6D
0294  00B3  	MOVWF CompTempVar577+D'7'
0295  00B5  	MOVWF CompTempVar577+D'9'
0296  306E  	MOVLW 0x6E
0297  00B7  	MOVWF CompTempVar577+D'11'
0298  306F  	MOVLW 0x6F
0299  00B4  	MOVWF CompTempVar577+D'8'
029A  3073  	MOVLW 0x73
029B  00AE  	MOVWF CompTempVar577+D'2'
029C  3074  	MOVLW 0x74
029D  00AF  	MOVWF CompTempVar577+D'3'
029E  00B8  	MOVWF CompTempVar577+D'12'
029F  3075  	MOVLW 0x75
02A0  00AD  	MOVWF CompTempVar577+D'1'
02A1  01BC  	CLRF CompTempVar577+D'16'
02A2  3000  	MOVLW HIGH(CompTempVar577+D'0')
02A3  00AB  	MOVWF LCD_Printf_00000_arg_lcdptr+D'1'
02A4  302C  	MOVLW LOW(CompTempVar577+D'0')
02A5  00AA  	MOVWF LCD_Printf_00000_arg_lcdptr
02A6  20BE  	CALL LCD_Printf_00000
02A7        label30
02A7  0826  	MOVF gbl_cTask, W
02A8  3C00  	SUBLW 0x00
02A9  1803  	BTFSC STATUS,C
02AA  2ACD  	GOTO	label34
02AB  1C26  	BTFSS gbl_cTask,0
02AC  2AC1  	GOTO	label31
02AD  1410  	BSF gbl_t1con,0
02AE  20F2  	CALL LCD_Clear_00000
02AF  3046  	MOVLW 0x46
02B0  00AC  	MOVWF CompTempVar579
02B1  3041  	MOVLW 0x41
02B2  00AD  	MOVWF CompTempVar579+D'1'
02B3  3055  	MOVLW 0x55
02B4  00AE  	MOVWF CompTempVar579+D'2'
02B5  304C  	MOVLW 0x4C
02B6  00AF  	MOVWF CompTempVar579+D'3'
02B7  3054  	MOVLW 0x54
02B8  00B0  	MOVWF CompTempVar579+D'4'
02B9  01B1  	CLRF CompTempVar579+D'5'
02BA  3000  	MOVLW HIGH(CompTempVar579+D'0')
02BB  00AB  	MOVWF LCD_Printf_00000_arg_lcdptr+D'1'
02BC  302C  	MOVLW LOW(CompTempVar579+D'0')
02BD  00AA  	MOVWF LCD_Printf_00000_arg_lcdptr
02BE  20BE  	CALL LCD_Printf_00000
02BF  1026  	BCF gbl_cTask,0
02C0  2AA7  	GOTO	label30
02C1        label31
02C1  1FA6  	BTFSS gbl_cTask,7
02C2  2AC6  	GOTO	label32
02C3  21D0  	CALL onTimer1_00000
02C4  13A6  	BCF gbl_cTask,7
02C5  2AA7  	GOTO	label30
02C6        label32
02C6  1F26  	BTFSS gbl_cTask,6
02C7  2AA7  	GOTO	label30
02C8  1C06  	BTFSS gbl_portb,0
02C9  2ACB  	GOTO	label33
02CA  222D  	CALL i2cProcess_00000
02CB        label33
02CB  1326  	BCF gbl_cTask,6
02CC  2AA7  	GOTO	label30
02CD        label34
02CD  1C06  	BTFSS gbl_portb,0
02CE  2AA7  	GOTO	label30
02CF  1E85  	BTFSS gbl_porta,5
02D0  2AA7  	GOTO	label30
02D1  3007  	MOVLW 0x07
02D2  0505  	ANDWF gbl_porta, W
02D3  00A8  	MOVWF gbl_iActiveInput
02D4  0829  	MOVF gbl_iActiveInputPrev, W
02D5  0628  	XORWF gbl_iActiveInput, W
02D6  1903  	BTFSC STATUS,Z
02D7  2ADE  	GOTO	label35
02D8  3032  	MOVLW 0x32
02D9  00AA  	MOVWF delay_ms_00000_arg_del
02DA  2010  	CALL delay_ms_00000
02DB  3007  	MOVLW 0x07
02DC  0505  	ANDWF gbl_porta, W
02DD  00A8  	MOVWF gbl_iActiveInput
02DE        label35
02DE  0829  	MOVF gbl_iActiveInputPrev, W
02DF  0628  	XORWF gbl_iActiveInput, W
02E0  1903  	BTFSC STATUS,Z
02E1  2AA7  	GOTO	label30
02E2  0828  	MOVF gbl_iActiveInput, W
02E3  00A9  	MOVWF gbl_iActiveInputPrev
02E4  20FC  	CALL showSource_00000
02E5  2AA7  	GOTO	label30
02E6        ; } main function end

	ORG 0x000002E6
02E6        _startup
02E6  303E  	MOVLW 0x3E
02E7  1283  	BCF STATUS, RP0
02E8  1303  	BCF STATUS, RP1
02E9  00A4  	MOVWF gbl_I2C_slave_address
02EA  1703  	BSF STATUS, RP1
02EB  0190  	CLRF gbl_i2cBuffer
02EC  01F5  	CLRF gbl_i2cBuffer+D'101'
02ED  01F6  	CLRF gbl_i2cBuffer+D'102'
02EE  118A  	BCF PCLATH,3
02EF  120A  	BCF PCLATH,4
02F0  2A6C  	GOTO	main
	ORG 0x000002F1
02F1        interrupt
02F1        ; { interrupt ; function begin
02F1  1C8B  	BTFSS gbl_intcon,1
02F2  2AFB  	GOTO	label38
02F3  1283  	BCF STATUS, RP0
02F4  1303  	BCF STATUS, RP1
02F5  1806  	BTFSC gbl_portb,0
02F6  2AF9  	GOTO	label37
02F7  1285  	BCF gbl_porta,5
02F8  1426  	BSF gbl_cTask,0
02F9        label37
02F9  108B  	BCF gbl_intcon,1
02FA  2B3B  	GOTO	label45
02FB        label38
02FB  1283  	BCF STATUS, RP0
02FC  1303  	BCF STATUS, RP1
02FD  1D8C  	BTFSS gbl_pir1,3
02FE  2B2D  	GOTO	label43
02FF  1F14  	BTFSS gbl_sspcon,6
0300  2B05  	GOTO	label39
0301  0813  	MOVF gbl_sspbuf, W
0302  00C3  	MOVWF interrupt_9_i2cData
0303  1314  	BCF gbl_sspcon,6
0304  2B1E  	GOTO	label41
0305        label39
0305  302D  	MOVLW 0x2D
0306  1683  	BSF STATUS, RP0
0307  0514  	ANDWF gbl_sspstat, W
0308  1283  	BCF STATUS, RP0
0309  00C4  	MOVWF interrupt_9_i2cStatus
030A  3009  	MOVLW 0x09
030B  0644  	XORWF interrupt_9_i2cStatus, W
030C  00C6  	MOVWF CompTempVar561
030D  08C6  	MOVF CompTempVar561, F
030E  1D03  	BTFSS STATUS,Z
030F  2B13  	GOTO	label40
0310  0813  	MOVF gbl_sspbuf, W
0311  00C3  	MOVWF interrupt_9_i2cData
0312  2B1E  	GOTO	label41
0313        label40
0313  3029  	MOVLW 0x29
0314  0644  	XORWF interrupt_9_i2cStatus, W
0315  00C7  	MOVWF CompTempVar562
0316  08C7  	MOVF CompTempVar562, F
0317  1D03  	BTFSS STATUS,Z
0318  2B1E  	GOTO	label41
0319  0813  	MOVF gbl_sspbuf, W
031A  00C3  	MOVWF interrupt_9_i2cData
031B  0843  	MOVF interrupt_9_i2cData, W
031C  00C8  	MOVWF i2cBufferW_00016_arg_byteIn
031D  202E  	CALL i2cBufferW_00016
031E        label41
031E  303D  	MOVLW 0x3D
031F  1683  	BSF STATUS, RP0
0320  0514  	ANDWF gbl_sspstat, W
0321  1283  	BCF STATUS, RP0
0322  00C5  	MOVWF CompTempVar560
0323  3030  	MOVLW 0x30
0324  06C5  	XORWF CompTempVar560, F
0325  08C5  	MOVF CompTempVar560, F
0326  1D03  	BTFSS STATUS,Z
0327  2B2C  	GOTO	label42
0328  30FF  	MOVLW 0xFF
0329  00C8  	MOVWF i2cBufferW_00016_arg_byteIn
032A  202E  	CALL i2cBufferW_00016
032B  1726  	BSF gbl_cTask,6
032C        label42
032C  118C  	BCF gbl_pir1,3
032D        label43
032D  1C0C  	BTFSS gbl_pir1,0
032E  2B3B  	GOTO	label45
032F  3048  	MOVLW 0x48
0330  008F  	MOVWF gbl_tmr1h
0331  30E4  	MOVLW 0xE4
0332  008E  	MOVWF gbl_tmr1l
0333  0AA7  	INCF gbl_iSecQ, F
0334  3008  	MOVLW 0x08
0335  0227  	SUBWF gbl_iSecQ, W
0336  1C03  	BTFSS STATUS,C
0337  2B3A  	GOTO	label44
0338  17A6  	BSF gbl_cTask,7
0339  01A7  	CLRF gbl_iSecQ
033A        label44
033A  100C  	BCF gbl_pir1,0
033B        label45
033B  0E22  	SWAPF Int1BContext+D'2', W
033C  0084  	MOVWF FSR
033D  0E21  	SWAPF Int1BContext+D'1', W
033E  008A  	MOVWF PCLATH
033F  0E20  	SWAPF Int1BContext, W
0340  0083  	MOVWF STATUS
0341  0EFF  	SWAPF Int1Context, F
0342  0E7F  	SWAPF Int1Context, W
0343  0009  	RETFIE
0344        ; } interrupt function end

	ORG 0x00002007
2007  3FBA  	DW 0x3FBA
